<?xml version="1.0" encoding="UTF-8"?>
<testsuite name="com.example.project.TestBook" tests="3" skipped="0" failures="0" errors="0" timestamp="2025-01-14T17:31:12" hostname="codespaces-696bd2" time="0.107">
  <properties/>
  <testcase name="testBookInfo()" classname="com.example.project.TestBook" time="0.097"/>
  <testcase name="testBookConstructor()" classname="com.example.project.TestBook" time="0.007"/>
  <testcase name="testSetters()" classname="com.example.project.TestBook" time="0.001"/>
  <system-out><![CDATA[]]></system-out>
  <system-err><![CDATA[]]></system-err>
</testsuite>
